Using pre-set license
Built from '2020.3/staging' branch; Version is '2020.3.10f1 (297d780c91bc) revision 2719096'; Using compiler version '192528614'; Build Type 'Release'
OS: 'Windows 10 Pro; OS build 19041.1415; Version 2004; 64bit' Language: 'es' Physical Memory: 15733 MB
BatchMode: 1, IsHumanControllingUs: 0, StartBugReporterOnCrash: 0, Is64bit: 1, IsPro: 0

 COMMAND LINE ARGUMENTS:
C:\Program Files\Unity\Hub\Editor\2020.3.10f1\Editor\Unity.exe
-adb2
-batchMode
-noUpm
-name
AssetImportWorker0
-projectPath
C:/Users/adria/Documents/Projects/MasterUtad/SolucionesVR_projects/scientificExperiment
-logFile
Logs/AssetImportWorker0.log
-srvPort
58053
Successfully changed project path to: C:/Users/adria/Documents/Projects/MasterUtad/SolucionesVR_projects/scientificExperiment
C:/Users/adria/Documents/Projects/MasterUtad/SolucionesVR_projects/scientificExperiment
Using Asset Import Pipeline V2.
Refreshing native plugins compatible for Editor in 65.04 ms, found 5 plugins.
Preloading 1 native plugins for Editor in 1.31 ms.
Initialize engine version: 2020.3.10f1 (297d780c91bc)
[Subsystems] Discovering subsystems at path C:/Program Files/Unity/Hub/Editor/2020.3.10f1/Editor/Data/Resources/UnitySubsystems
[Subsystems] Discovering subsystems at path C:/Users/adria/Documents/Projects/MasterUtad/SolucionesVR_projects/scientificExperiment/Assets
GfxDevice: creating device client; threaded=0
Direct3D:
    Version:  Direct3D 11.0 [level 11.1]
    Renderer: NVIDIA GeForce GTX 1050 (ID=0x1c91)
    Vendor:   
    VRAM:     2996 MB
    Driver:   27.21.14.6280
Shader 'Universal Render Pipeline/Particles/Lit': fallback shader 'Universal Render Pipeline/Particles/SimpleLit' not found
Initialize mono
Mono path[0] = 'C:/Program Files/Unity/Hub/Editor/2020.3.10f1/Editor/Data/Managed'
Mono path[1] = 'C:/Program Files/Unity/Hub/Editor/2020.3.10f1/Editor/Data/MonoBleedingEdge/lib/mono/unityjit'
Mono config path = 'C:/Program Files/Unity/Hub/Editor/2020.3.10f1/Editor/Data/MonoBleedingEdge/etc'
Using monoOptions --debugger-agent=transport=dt_socket,embedding=1,server=y,suspend=n,address=127.0.0.1:56064
Begin MonoManager ReloadAssembly
Registering precompiled unity dll's ...
Register platform support module: C:/Program Files/Unity/Hub/Editor/2020.3.10f1/Editor/Data/PlaybackEngines/WindowsStandaloneSupport/UnityEditor.WindowsStandalone.Extensions.dll
Registered in 0.001765 seconds.
Native extension for WindowsStandalone target not found
Refreshing native plugins compatible for Editor in 60.81 ms, found 5 plugins.
Preloading 1 native plugins for Editor in 0.15 ms.
Mono: successfully reloaded assembly
- Completed reload, in  1.641 seconds
Platform modules already initialized, skipping
Registering precompiled user dll's ...
Registered in 0.005847 seconds.
Begin MonoManager ReloadAssembly
Native extension for WindowsStandalone target not found
Refreshing native plugins compatible for Editor in 60.57 ms, found 5 plugins.
Preloading 1 native plugins for Editor in 0.15 ms.
[XR] OculusXRPlugin: registering subsystems
[XR] Unable to register display lifecyle provider: [1]
[XR] Oculus Input lifecycle provider registered.
[XR] Unable to register input lifecyle provider: [1]
NullReferenceException: Object reference not set to an instance of an object
  at Unity.XR.Oculus.OculusLoader.AssetPathToAbsolutePath (System.String assetPath) [0x00048] in C:\Users\adria\Documents\Projects\MasterUtad\SolucionesVR_projects\scientificExperiment\Library\PackageCache\com.unity.xr.oculus@1.9.1\Runtime\OculusLoader.cs:249 
  at Unity.XR.Oculus.OculusLoader.EditorLoadOVRPlugin () [0x0007b] in C:\Users\adria\Documents\Projects\MasterUtad\SolucionesVR_projects\scientificExperiment\Library\PackageCache\com.unity.xr.oculus@1.9.1\Runtime\OculusLoader.cs:234 

(Filename: Library/PackageCache/com.unity.xr.oculus@1.9.1/Runtime/OculusLoader.cs Line: 249)

Mono: successfully reloaded assembly
- Completed reload, in  1.257 seconds
Platform modules already initialized, skipping
========================================================================
Worker process is ready to serve import requests
Shader 'Universal Render Pipeline/Particles/Lit': fallback shader 'Universal Render Pipeline/Particles/SimpleLit' not found
Launched and connected shader compiler UnityShaderCompiler.exe after 0.04 seconds
Refreshing native plugins compatible for Editor in 0.78 ms, found 5 plugins.
Preloading 1 native plugins for Editor in 0.11 ms.
Unloading 3502 Unused Serialized files (Serialized files now loaded: 0)
System memory in use before: 164.6 MB.
System memory in use after: 164.8 MB.

Unloading 25 unused Assets to reduce memory usage. Loaded Objects now: 3942.
Total: 3.746300 ms (FindLiveObjects: 0.496800 ms CreateObjectMapping: 0.184300 ms MarkObjects: 2.971700 ms  DeleteObjects: 0.091700 ms)

========================================================================
Received Import Request.
  path: Assets/_Project/Prefabs/Environment
  artifactKey: Guid(faffd4628bd008044baf2e96e1ce4d3a) Importer(815301076,1909f56bfc062723c751e8b465ee728b)
Start importing Assets/_Project/Prefabs/Environment using Guid(faffd4628bd008044baf2e96e1ce4d3a) Importer(815301076,1909f56bfc062723c751e8b465ee728b)  -> (artifact id: '9b51280edb4ee1d0272b657643706e7b') in 0.013314 seconds
  Import took 0.020161 seconds .

========================================================================
Received Import Request.
  Time since last request: 118.284608 seconds.
  path: Assets/_Project/Prefabs/Rooms
  artifactKey: Guid(faffd4628bd008044baf2e96e1ce4d3a) Importer(815301076,1909f56bfc062723c751e8b465ee728b)
Start importing Assets/_Project/Prefabs/Rooms using Guid(faffd4628bd008044baf2e96e1ce4d3a) Importer(815301076,1909f56bfc062723c751e8b465ee728b)  -> (artifact id: 'fd9763d71134cbce938acfb5d96688ce') in 0.009708 seconds
  Import took 0.016324 seconds .

========================================================================
Received Import Request.
  Time since last request: 69.253271 seconds.
  path: Assets/_Project/Prefabs/Objects
  artifactKey: Guid(7bdae479eeee1c64c9650fdc704c3274) Importer(815301076,1909f56bfc062723c751e8b465ee728b)
Start importing Assets/_Project/Prefabs/Objects using Guid(7bdae479eeee1c64c9650fdc704c3274) Importer(815301076,1909f56bfc062723c751e8b465ee728b)  -> (artifact id: '180dd84844ec25725b160aaf1ef76e6d') in 0.011740 seconds
  Import took 0.018234 seconds .

========================================================================
Received Import Request.
  Time since last request: 5.507868 seconds.
  path: Assets/_Project/Prefabs/Objects/uploads_files_978378_CeilingLight_01.fbx
  artifactKey: Guid(96053b2475f18054fb7253441826bec0) Importer(815301076,1909f56bfc062723c751e8b465ee728b)
Start importing Assets/_Project/Prefabs/Objects/uploads_files_978378_CeilingLight_01.fbx using Guid(96053b2475f18054fb7253441826bec0) Importer(815301076,1909f56bfc062723c751e8b465ee728b)  -> (artifact id: 'ff725a4227c059f63f75c6e4afb5d0db') in 0.780332 seconds
  Import took 0.787048 seconds .

========================================================================
Received Import Request.
  Time since last request: 1587.670342 seconds.
  path: Assets/_Project/Prefabs/Objects/whiteBoard.fbx
  artifactKey: Guid(9ad3a6422bd9d2340b9aa37dcd57534a) Importer(815301076,1909f56bfc062723c751e8b465ee728b)
Start importing Assets/_Project/Prefabs/Objects/whiteBoard.fbx using Guid(9ad3a6422bd9d2340b9aa37dcd57534a) Importer(815301076,1909f56bfc062723c751e8b465ee728b)  -> (artifact id: 'b11cfdbde65d09c2425f83750c2cd11d') in 0.105936 seconds
  Import took 0.113487 seconds .

========================================================================
Received Import Request.
  Time since last request: 253.169368 seconds.
  path: Assets/_Project/Materials/Objects/board.mat
  artifactKey: Guid(241c81048148f3a438f8b012cc997809) Importer(815301076,1909f56bfc062723c751e8b465ee728b)
Start importing Assets/_Project/Materials/Objects/board.mat using Guid(241c81048148f3a438f8b012cc997809) Importer(815301076,1909f56bfc062723c751e8b465ee728b)  -> (artifact id: '84ea93c6d4f9ed129b50794bc8969b54') in 0.022780 seconds
  Import took 0.029454 seconds .

========================================================================
Received Import Request.
  Time since last request: 43.937009 seconds.
  path: Assets/_Project/Materials/Objects/board.mat
  artifactKey: Guid(241c81048148f3a438f8b012cc997809) Importer(815301076,1909f56bfc062723c751e8b465ee728b)
Start importing Assets/_Project/Materials/Objects/board.mat using Guid(241c81048148f3a438f8b012cc997809) Importer(815301076,1909f56bfc062723c751e8b465ee728b)  -> (artifact id: 'b7de5fec80129dd3b7bf06551208956e') in 0.015773 seconds
  Import took 0.023289 seconds .

========================================================================
Received Import Request.
  Time since last request: 0.000221 seconds.
  path: Assets/_Project/Materials/Objects/metalSimple.mat
  artifactKey: Guid(7b8c13254d9990d46a45a00f0b9b6db9) Importer(815301076,1909f56bfc062723c751e8b465ee728b)
Start importing Assets/_Project/Materials/Objects/metalSimple.mat using Guid(7b8c13254d9990d46a45a00f0b9b6db9) Importer(815301076,1909f56bfc062723c751e8b465ee728b)  -> (artifact id: '0619d9a0f58246ba5fd761bfee99b765') in 0.032133 seconds
  Import took 0.039313 seconds .

========================================================================
Received Import Request.
  Time since last request: 0.004389 seconds.
  path: Assets/_Project/Materials/Objects/metalSimple.mat
  artifactKey: Guid(7b8c13254d9990d46a45a00f0b9b6db9) Importer(815301076,1909f56bfc062723c751e8b465ee728b)
Start importing Assets/_Project/Materials/Objects/metalSimple.mat using Guid(7b8c13254d9990d46a45a00f0b9b6db9) Importer(815301076,1909f56bfc062723c751e8b465ee728b)  -> (artifact id: '0619d9a0f58246ba5fd761bfee99b765') in 0.023837 seconds
  Import took 0.030755 seconds .

========================================================================
Received Import Request.
  Time since last request: 47.966272 seconds.
  path: Assets/_Project/Prefabs/Objects/whiteBoard.prefab
  artifactKey: Guid(f26a1c23453ccaa4c97c5d6f23ae9acb) Importer(815301076,1909f56bfc062723c751e8b465ee728b)
Start importing Assets/_Project/Prefabs/Objects/whiteBoard.prefab using Guid(f26a1c23453ccaa4c97c5d6f23ae9acb) Importer(815301076,1909f56bfc062723c751e8b465ee728b)  -> (artifact id: '54ecaa85576231345126b3b90112bc20') in 0.016136 seconds
  Import took 0.022974 seconds .

========================================================================
Received Import Request.
  Time since last request: 1015.422504 seconds.
  path: Assets/_Project/Prefabs/Objects/ceilingLamp.prefab
  artifactKey: Guid(89960cb64220df045b929e71d6e603be) Importer(815301076,1909f56bfc062723c751e8b465ee728b)
Start importing Assets/_Project/Prefabs/Objects/ceilingLamp.prefab using Guid(89960cb64220df045b929e71d6e603be) Importer(815301076,1909f56bfc062723c751e8b465ee728b)  -> (artifact id: '7c2fe897a5bfb808b082088edf051702') in 0.019075 seconds
  Import took 0.025937 seconds .

========================================================================
Received Import Request.
  Time since last request: 1517.444029 seconds.
  path: Assets/_Project/Config/UniversalRenderPipelineAsset.asset
  artifactKey: Guid(dfff50b84cb2d02458f15512fec306be) Importer(815301076,1909f56bfc062723c751e8b465ee728b)
Start importing Assets/_Project/Config/UniversalRenderPipelineAsset.asset using Guid(dfff50b84cb2d02458f15512fec306be) Importer(815301076,1909f56bfc062723c751e8b465ee728b)  -> (artifact id: '3b232da17fecb37e0ea016a71c4edead') in 0.012309 seconds
  Import took 0.019575 seconds .

========================================================================
Received Import Request.
  Time since last request: 0.000244 seconds.
  path: Assets/_Project/Config/UniversalRenderPipelineAsset_Renderer.asset
  artifactKey: Guid(d452c58e669c81043b79fa1420c3fd57) Importer(815301076,1909f56bfc062723c751e8b465ee728b)
Start importing Assets/_Project/Config/UniversalRenderPipelineAsset_Renderer.asset using Guid(d452c58e669c81043b79fa1420c3fd57) Importer(815301076,1909f56bfc062723c751e8b465ee728b)  -> (artifact id: '1ba5e37b14c2636b48ca40471b552a96') in 0.009313 seconds
  Import took 0.015462 seconds .

========================================================================
Received Prepare
Registering precompiled user dll's ...
Registered in 0.011162 seconds.
Begin MonoManager ReloadAssembly
Native extension for WindowsStandalone target not found
Refreshing native plugins compatible for Editor in 0.91 ms, found 5 plugins.
Preloading 1 native plugins for Editor in 0.14 ms.
NullReferenceException: Object reference not set to an instance of an object
  at Unity.XR.Oculus.OculusLoader.AssetPathToAbsolutePath (System.String assetPath) [0x00048] in C:\Users\adria\Documents\Projects\MasterUtad\SolucionesVR_projects\scientificExperiment\Library\PackageCache\com.unity.xr.oculus@1.9.1\Runtime\OculusLoader.cs:249 
  at Unity.XR.Oculus.OculusLoader.EditorLoadOVRPlugin () [0x0007b] in C:\Users\adria\Documents\Projects\MasterUtad\SolucionesVR_projects\scientificExperiment\Library\PackageCache\com.unity.xr.oculus@1.9.1\Runtime\OculusLoader.cs:234 

(Filename: Library/PackageCache/com.unity.xr.oculus@1.9.1/Runtime/OculusLoader.cs Line: 249)

Mono: successfully reloaded assembly
- Completed reload, in  1.260 seconds
Platform modules already initialized, skipping
Shader 'Universal Render Pipeline/Particles/Lit': fallback shader 'Universal Render Pipeline/Particles/SimpleLit' not found
Refreshing native plugins compatible for Editor in 0.83 ms, found 5 plugins.
Preloading 1 native plugins for Editor in 0.12 ms.
Unloading 3369 Unused Serialized files (Serialized files now loaded: 0)
System memory in use before: 163.0 MB.
System memory in use after: 163.2 MB.

Unloading 18 unused Assets to reduce memory usage. Loaded Objects now: 4029.
Total: 4.201100 ms (FindLiveObjects: 0.647500 ms CreateObjectMapping: 0.270900 ms MarkObjects: 3.247700 ms  DeleteObjects: 0.032600 ms)

AssetImportWorkerClient::OnTransportError - code=2 error=End of file
