Using pre-set license
Built from '2020.3/staging' branch; Version is '2020.3.10f1 (297d780c91bc) revision 2719096'; Using compiler version '192528614'; Build Type 'Release'
OS: 'Windows 10 Pro; OS build 19041.1415; Version 2004; 64bit' Language: 'es' Physical Memory: 15733 MB
BatchMode: 1, IsHumanControllingUs: 0, StartBugReporterOnCrash: 0, Is64bit: 1, IsPro: 0

 COMMAND LINE ARGUMENTS:
C:\Program Files\Unity\Hub\Editor\2020.3.10f1\Editor\Unity.exe
-adb2
-batchMode
-noUpm
-name
AssetImportWorker0
-projectPath
C:/Users/adria/Documents/Projects/MasterUtad/SolucionesVR_projects/scientificExperiment
-logFile
Logs/AssetImportWorker0.log
-srvPort
59730
Successfully changed project path to: C:/Users/adria/Documents/Projects/MasterUtad/SolucionesVR_projects/scientificExperiment
C:/Users/adria/Documents/Projects/MasterUtad/SolucionesVR_projects/scientificExperiment
Using Asset Import Pipeline V2.
Refreshing native plugins compatible for Editor in 67.72 ms, found 5 plugins.
Preloading 1 native plugins for Editor in 1.00 ms.
Initialize engine version: 2020.3.10f1 (297d780c91bc)
[Subsystems] Discovering subsystems at path C:/Program Files/Unity/Hub/Editor/2020.3.10f1/Editor/Data/Resources/UnitySubsystems
[Subsystems] Discovering subsystems at path C:/Users/adria/Documents/Projects/MasterUtad/SolucionesVR_projects/scientificExperiment/Assets
GfxDevice: creating device client; threaded=0
Direct3D:
    Version:  Direct3D 11.0 [level 11.1]
    Renderer: NVIDIA GeForce GTX 1050 (ID=0x1c91)
    Vendor:   
    VRAM:     2996 MB
    Driver:   27.21.14.6280
Shader 'Universal Render Pipeline/Particles/Lit': fallback shader 'Universal Render Pipeline/Particles/SimpleLit' not found
Initialize mono
Mono path[0] = 'C:/Program Files/Unity/Hub/Editor/2020.3.10f1/Editor/Data/Managed'
Mono path[1] = 'C:/Program Files/Unity/Hub/Editor/2020.3.10f1/Editor/Data/MonoBleedingEdge/lib/mono/unityjit'
Mono config path = 'C:/Program Files/Unity/Hub/Editor/2020.3.10f1/Editor/Data/MonoBleedingEdge/etc'
Using monoOptions --debugger-agent=transport=dt_socket,embedding=1,server=y,suspend=n,address=127.0.0.1:56696
Begin MonoManager ReloadAssembly
Registering precompiled unity dll's ...
Register platform support module: C:/Program Files/Unity/Hub/Editor/2020.3.10f1/Editor/Data/PlaybackEngines/WindowsStandaloneSupport/UnityEditor.WindowsStandalone.Extensions.dll
Registered in 0.001757 seconds.
Native extension for WindowsStandalone target not found
Refreshing native plugins compatible for Editor in 62.78 ms, found 5 plugins.
Preloading 1 native plugins for Editor in 0.14 ms.
Mono: successfully reloaded assembly
- Completed reload, in  1.931 seconds
Platform modules already initialized, skipping
Registering precompiled user dll's ...
Registered in 0.006101 seconds.
Begin MonoManager ReloadAssembly
Native extension for WindowsStandalone target not found
Refreshing native plugins compatible for Editor in 68.30 ms, found 5 plugins.
Preloading 1 native plugins for Editor in 0.16 ms.
[XR] OculusXRPlugin: registering subsystems
[XR] Unable to register display lifecyle provider: [1]
[XR] Oculus Input lifecycle provider registered.
[XR] Unable to register input lifecyle provider: [1]
NullReferenceException: Object reference not set to an instance of an object
  at Unity.XR.Oculus.OculusLoader.AssetPathToAbsolutePath (System.String assetPath) [0x00048] in C:\Users\adria\Documents\Projects\MasterUtad\SolucionesVR_projects\scientificExperiment\Library\PackageCache\com.unity.xr.oculus@1.9.1\Runtime\OculusLoader.cs:249 
  at Unity.XR.Oculus.OculusLoader.EditorLoadOVRPlugin () [0x0007b] in C:\Users\adria\Documents\Projects\MasterUtad\SolucionesVR_projects\scientificExperiment\Library\PackageCache\com.unity.xr.oculus@1.9.1\Runtime\OculusLoader.cs:234 

(Filename: Library/PackageCache/com.unity.xr.oculus@1.9.1/Runtime/OculusLoader.cs Line: 249)

Mono: successfully reloaded assembly
- Completed reload, in  1.389 seconds
Platform modules already initialized, skipping
========================================================================
Worker process is ready to serve import requests
Shader 'Universal Render Pipeline/Particles/Lit': fallback shader 'Universal Render Pipeline/Particles/SimpleLit' not found
Launched and connected shader compiler UnityShaderCompiler.exe after 0.05 seconds
Refreshing native plugins compatible for Editor in 0.81 ms, found 5 plugins.
Preloading 1 native plugins for Editor in 0.11 ms.
Unloading 3515 Unused Serialized files (Serialized files now loaded: 0)
System memory in use before: 228.7 MB.
System memory in use after: 228.9 MB.

Unloading 25 unused Assets to reduce memory usage. Loaded Objects now: 3959.
Total: 3.688200 ms (FindLiveObjects: 0.510000 ms CreateObjectMapping: 0.188200 ms MarkObjects: 2.880700 ms  DeleteObjects: 0.107400 ms)

========================================================================
Received Import Request.
  path: Assets/_Project/Prefabs/Rooms/Stage1.prefab
  artifactKey: Guid(bc28398962ae7a0468382fde76bf0f67) Importer(815301076,1909f56bfc062723c751e8b465ee728b)
Start importing Assets/_Project/Prefabs/Rooms/Stage1.prefab using Guid(bc28398962ae7a0468382fde76bf0f67) Importer(815301076,1909f56bfc062723c751e8b465ee728b)  -> (artifact id: '782c23d417df6037a5c2051ca6df8928') in 0.313834 seconds
  Import took 0.321309 seconds .

========================================================================
Received Import Request.
  Time since last request: 0.000954 seconds.
  path: Assets/_Project/Prefabs/Rooms/Stage1.prefab
  artifactKey: Guid(bc28398962ae7a0468382fde76bf0f67) Importer(815301076,1909f56bfc062723c751e8b465ee728b)
Start importing Assets/_Project/Prefabs/Rooms/Stage1.prefab using Guid(bc28398962ae7a0468382fde76bf0f67) Importer(815301076,1909f56bfc062723c751e8b465ee728b)  -> (artifact id: '782c23d417df6037a5c2051ca6df8928') in 0.050115 seconds
  Import took 0.057654 seconds .

========================================================================
Received Prepare
Registering precompiled user dll's ...
Registered in 0.006109 seconds.
Begin MonoManager ReloadAssembly
Native extension for WindowsStandalone target not found
Refreshing native plugins compatible for Editor in 0.85 ms, found 5 plugins.
Preloading 1 native plugins for Editor in 0.13 ms.
NullReferenceException: Object reference not set to an instance of an object
  at Unity.XR.Oculus.OculusLoader.AssetPathToAbsolutePath (System.String assetPath) [0x00048] in C:\Users\adria\Documents\Projects\MasterUtad\SolucionesVR_projects\scientificExperiment\Library\PackageCache\com.unity.xr.oculus@1.9.1\Runtime\OculusLoader.cs:249 
  at Unity.XR.Oculus.OculusLoader.EditorLoadOVRPlugin () [0x0007b] in C:\Users\adria\Documents\Projects\MasterUtad\SolucionesVR_projects\scientificExperiment\Library\PackageCache\com.unity.xr.oculus@1.9.1\Runtime\OculusLoader.cs:234 

(Filename: Library/PackageCache/com.unity.xr.oculus@1.9.1/Runtime/OculusLoader.cs Line: 249)

Mono: successfully reloaded assembly
- Completed reload, in  1.173 seconds
Platform modules already initialized, skipping
Shader 'Universal Render Pipeline/Particles/Lit': fallback shader 'Universal Render Pipeline/Particles/SimpleLit' not found
Refreshing native plugins compatible for Editor in 1.01 ms, found 5 plugins.
Preloading 1 native plugins for Editor in 0.14 ms.
Unloading 3380 Unused Serialized files (Serialized files now loaded: 0)
System memory in use before: 237.6 MB.
System memory in use after: 237.9 MB.

Unloading 18 unused Assets to reduce memory usage. Loaded Objects now: 4011.
Total: 3.630000 ms (FindLiveObjects: 0.544500 ms CreateObjectMapping: 0.210600 ms MarkObjects: 2.844400 ms  DeleteObjects: 0.028300 ms)

========================================================================
Received Import Request.
  Time since last request: 317.258277 seconds.
  path: Assets/_Project/Scripts/GameManager.cs
  artifactKey: Guid(71a19d7580d40f041abae0ba5704c5c6) Importer(815301076,1909f56bfc062723c751e8b465ee728b)
Start importing Assets/_Project/Scripts/GameManager.cs using Guid(71a19d7580d40f041abae0ba5704c5c6) Importer(815301076,1909f56bfc062723c751e8b465ee728b)  -> (artifact id: 'bb73b7b1efd65c3c34bb6bc2d6f3f3a1') in 0.017648 seconds
  Import took 0.025102 seconds .

========================================================================
Received Import Request.
  Time since last request: 0.009501 seconds.
  path: Assets/_Project/Scripts/GameManager.cs
  artifactKey: Guid(71a19d7580d40f041abae0ba5704c5c6) Importer(815301076,1909f56bfc062723c751e8b465ee728b)
Start importing Assets/_Project/Scripts/GameManager.cs using Guid(71a19d7580d40f041abae0ba5704c5c6) Importer(815301076,1909f56bfc062723c751e8b465ee728b)  -> (artifact id: 'bb73b7b1efd65c3c34bb6bc2d6f3f3a1') in 0.003226 seconds
  Import took 0.009009 seconds .

========================================================================
Received Prepare
Registering precompiled user dll's ...
Registered in 0.005665 seconds.
Begin MonoManager ReloadAssembly
Native extension for WindowsStandalone target not found
Refreshing native plugins compatible for Editor in 0.84 ms, found 5 plugins.
Preloading 1 native plugins for Editor in 0.13 ms.
NullReferenceException: Object reference not set to an instance of an object
  at Unity.XR.Oculus.OculusLoader.AssetPathToAbsolutePath (System.String assetPath) [0x00048] in C:\Users\adria\Documents\Projects\MasterUtad\SolucionesVR_projects\scientificExperiment\Library\PackageCache\com.unity.xr.oculus@1.9.1\Runtime\OculusLoader.cs:249 
  at Unity.XR.Oculus.OculusLoader.EditorLoadOVRPlugin () [0x0007b] in C:\Users\adria\Documents\Projects\MasterUtad\SolucionesVR_projects\scientificExperiment\Library\PackageCache\com.unity.xr.oculus@1.9.1\Runtime\OculusLoader.cs:234 

(Filename: Library/PackageCache/com.unity.xr.oculus@1.9.1/Runtime/OculusLoader.cs Line: 249)

Mono: successfully reloaded assembly
- Completed reload, in  1.254 seconds
Platform modules already initialized, skipping
Shader 'Universal Render Pipeline/Particles/Lit': fallback shader 'Universal Render Pipeline/Particles/SimpleLit' not found
Refreshing native plugins compatible for Editor in 0.84 ms, found 5 plugins.
Preloading 1 native plugins for Editor in 0.13 ms.
Unloading 3380 Unused Serialized files (Serialized files now loaded: 0)
System memory in use before: 237.7 MB.
System memory in use after: 237.9 MB.

Unloading 18 unused Assets to reduce memory usage. Loaded Objects now: 4015.
Total: 3.341000 ms (FindLiveObjects: 0.503300 ms CreateObjectMapping: 0.098300 ms MarkObjects: 2.712000 ms  DeleteObjects: 0.025700 ms)

========================================================================
Received Prepare
Registering precompiled user dll's ...
Registered in 0.006059 seconds.
Begin MonoManager ReloadAssembly
Native extension for WindowsStandalone target not found
Refreshing native plugins compatible for Editor in 0.98 ms, found 5 plugins.
Preloading 1 native plugins for Editor in 0.16 ms.
NullReferenceException: Object reference not set to an instance of an object
  at Unity.XR.Oculus.OculusLoader.AssetPathToAbsolutePath (System.String assetPath) [0x00048] in C:\Users\adria\Documents\Projects\MasterUtad\SolucionesVR_projects\scientificExperiment\Library\PackageCache\com.unity.xr.oculus@1.9.1\Runtime\OculusLoader.cs:249 
  at Unity.XR.Oculus.OculusLoader.EditorLoadOVRPlugin () [0x0007b] in C:\Users\adria\Documents\Projects\MasterUtad\SolucionesVR_projects\scientificExperiment\Library\PackageCache\com.unity.xr.oculus@1.9.1\Runtime\OculusLoader.cs:234 

(Filename: Library/PackageCache/com.unity.xr.oculus@1.9.1/Runtime/OculusLoader.cs Line: 249)

Mono: successfully reloaded assembly
- Completed reload, in  1.195 seconds
Platform modules already initialized, skipping
Shader 'Universal Render Pipeline/Particles/Lit': fallback shader 'Universal Render Pipeline/Particles/SimpleLit' not found
Refreshing native plugins compatible for Editor in 1.11 ms, found 5 plugins.
Preloading 1 native plugins for Editor in 0.17 ms.
Unloading 3380 Unused Serialized files (Serialized files now loaded: 0)
System memory in use before: 237.7 MB.
System memory in use after: 238.0 MB.

Unloading 18 unused Assets to reduce memory usage. Loaded Objects now: 4019.
Total: 3.864300 ms (FindLiveObjects: 0.611400 ms CreateObjectMapping: 0.254600 ms MarkObjects: 2.956600 ms  DeleteObjects: 0.039900 ms)

========================================================================
Received Prepare
Registering precompiled user dll's ...
Registered in 0.005802 seconds.
Begin MonoManager ReloadAssembly
Native extension for WindowsStandalone target not found
Refreshing native plugins compatible for Editor in 0.95 ms, found 5 plugins.
Preloading 1 native plugins for Editor in 0.17 ms.
NullReferenceException: Object reference not set to an instance of an object
  at Unity.XR.Oculus.OculusLoader.AssetPathToAbsolutePath (System.String assetPath) [0x00048] in C:\Users\adria\Documents\Projects\MasterUtad\SolucionesVR_projects\scientificExperiment\Library\PackageCache\com.unity.xr.oculus@1.9.1\Runtime\OculusLoader.cs:249 
  at Unity.XR.Oculus.OculusLoader.EditorLoadOVRPlugin () [0x0007b] in C:\Users\adria\Documents\Projects\MasterUtad\SolucionesVR_projects\scientificExperiment\Library\PackageCache\com.unity.xr.oculus@1.9.1\Runtime\OculusLoader.cs:234 

(Filename: Library/PackageCache/com.unity.xr.oculus@1.9.1/Runtime/OculusLoader.cs Line: 249)

Mono: successfully reloaded assembly
- Completed reload, in  1.231 seconds
Platform modules already initialized, skipping
Shader 'Universal Render Pipeline/Particles/Lit': fallback shader 'Universal Render Pipeline/Particles/SimpleLit' not found
Refreshing native plugins compatible for Editor in 0.99 ms, found 5 plugins.
Preloading 1 native plugins for Editor in 0.13 ms.
Unloading 3380 Unused Serialized files (Serialized files now loaded: 0)
System memory in use before: 237.7 MB.
System memory in use after: 238.0 MB.

Unloading 18 unused Assets to reduce memory usage. Loaded Objects now: 4023.
Total: 4.202700 ms (FindLiveObjects: 0.503700 ms CreateObjectMapping: 0.194400 ms MarkObjects: 3.478600 ms  DeleteObjects: 0.023700 ms)

========================================================================
Received Prepare
Registering precompiled user dll's ...
Registered in 0.005661 seconds.
Begin MonoManager ReloadAssembly
Native extension for WindowsStandalone target not found
Refreshing native plugins compatible for Editor in 0.83 ms, found 5 plugins.
Preloading 1 native plugins for Editor in 0.13 ms.
NullReferenceException: Object reference not set to an instance of an object
  at Unity.XR.Oculus.OculusLoader.AssetPathToAbsolutePath (System.String assetPath) [0x00048] in C:\Users\adria\Documents\Projects\MasterUtad\SolucionesVR_projects\scientificExperiment\Library\PackageCache\com.unity.xr.oculus@1.9.1\Runtime\OculusLoader.cs:249 
  at Unity.XR.Oculus.OculusLoader.EditorLoadOVRPlugin () [0x0007b] in C:\Users\adria\Documents\Projects\MasterUtad\SolucionesVR_projects\scientificExperiment\Library\PackageCache\com.unity.xr.oculus@1.9.1\Runtime\OculusLoader.cs:234 

(Filename: Library/PackageCache/com.unity.xr.oculus@1.9.1/Runtime/OculusLoader.cs Line: 249)

Mono: successfully reloaded assembly
- Completed reload, in  1.139 seconds
Platform modules already initialized, skipping
Shader 'Universal Render Pipeline/Particles/Lit': fallback shader 'Universal Render Pipeline/Particles/SimpleLit' not found
Refreshing native plugins compatible for Editor in 0.88 ms, found 5 plugins.
Preloading 1 native plugins for Editor in 0.11 ms.
Unloading 3380 Unused Serialized files (Serialized files now loaded: 0)
System memory in use before: 237.8 MB.
System memory in use after: 238.0 MB.

Unloading 18 unused Assets to reduce memory usage. Loaded Objects now: 4027.
Total: 3.655800 ms (FindLiveObjects: 0.502200 ms CreateObjectMapping: 0.111500 ms MarkObjects: 3.011700 ms  DeleteObjects: 0.028000 ms)

========================================================================
Received Import Request.
  Time since last request: 921.464524 seconds.
  path: Assets/_Project/Scripts/Interactables/orbInstantiate.cs
  artifactKey: Guid(9235f0d0489929245b4b834eff1d3d05) Importer(815301076,1909f56bfc062723c751e8b465ee728b)
Start importing Assets/_Project/Scripts/Interactables/orbInstantiate.cs using Guid(9235f0d0489929245b4b834eff1d3d05) Importer(815301076,1909f56bfc062723c751e8b465ee728b)  -> (artifact id: '3771ec568c089e7a112b05f8ee54c1e5') in 0.014076 seconds
  Import took 0.021843 seconds .

========================================================================
Received Prepare
Registering precompiled user dll's ...
Registered in 0.005792 seconds.
Begin MonoManager ReloadAssembly
Native extension for WindowsStandalone target not found
Refreshing native plugins compatible for Editor in 0.83 ms, found 5 plugins.
Preloading 1 native plugins for Editor in 0.14 ms.
NullReferenceException: Object reference not set to an instance of an object
  at Unity.XR.Oculus.OculusLoader.AssetPathToAbsolutePath (System.String assetPath) [0x00048] in C:\Users\adria\Documents\Projects\MasterUtad\SolucionesVR_projects\scientificExperiment\Library\PackageCache\com.unity.xr.oculus@1.9.1\Runtime\OculusLoader.cs:249 
  at Unity.XR.Oculus.OculusLoader.EditorLoadOVRPlugin () [0x0007b] in C:\Users\adria\Documents\Projects\MasterUtad\SolucionesVR_projects\scientificExperiment\Library\PackageCache\com.unity.xr.oculus@1.9.1\Runtime\OculusLoader.cs:234 

(Filename: Library/PackageCache/com.unity.xr.oculus@1.9.1/Runtime/OculusLoader.cs Line: 249)

Mono: successfully reloaded assembly
- Completed reload, in  1.149 seconds
Platform modules already initialized, skipping
Shader 'Universal Render Pipeline/Particles/Lit': fallback shader 'Universal Render Pipeline/Particles/SimpleLit' not found
Refreshing native plugins compatible for Editor in 0.95 ms, found 5 plugins.
Preloading 1 native plugins for Editor in 0.12 ms.
Unloading 3380 Unused Serialized files (Serialized files now loaded: 0)
System memory in use before: 237.8 MB.
System memory in use after: 238.0 MB.

Unloading 18 unused Assets to reduce memory usage. Loaded Objects now: 4031.
Total: 3.374900 ms (FindLiveObjects: 0.470300 ms CreateObjectMapping: 0.100600 ms MarkObjects: 2.775600 ms  DeleteObjects: 0.026500 ms)

========================================================================
Received Prepare
Registering precompiled user dll's ...
Registered in 0.005987 seconds.
Begin MonoManager ReloadAssembly
Native extension for WindowsStandalone target not found
Refreshing native plugins compatible for Editor in 0.87 ms, found 5 plugins.
Preloading 1 native plugins for Editor in 0.15 ms.
NullReferenceException: Object reference not set to an instance of an object
  at Unity.XR.Oculus.OculusLoader.AssetPathToAbsolutePath (System.String assetPath) [0x00048] in C:\Users\adria\Documents\Projects\MasterUtad\SolucionesVR_projects\scientificExperiment\Library\PackageCache\com.unity.xr.oculus@1.9.1\Runtime\OculusLoader.cs:249 
  at Unity.XR.Oculus.OculusLoader.EditorLoadOVRPlugin () [0x0007b] in C:\Users\adria\Documents\Projects\MasterUtad\SolucionesVR_projects\scientificExperiment\Library\PackageCache\com.unity.xr.oculus@1.9.1\Runtime\OculusLoader.cs:234 

(Filename: Library/PackageCache/com.unity.xr.oculus@1.9.1/Runtime/OculusLoader.cs Line: 249)

Mono: successfully reloaded assembly
- Completed reload, in  1.106 seconds
Platform modules already initialized, skipping
Shader 'Universal Render Pipeline/Particles/Lit': fallback shader 'Universal Render Pipeline/Particles/SimpleLit' not found
Refreshing native plugins compatible for Editor in 0.86 ms, found 5 plugins.
Preloading 1 native plugins for Editor in 0.12 ms.
Unloading 3380 Unused Serialized files (Serialized files now loaded: 0)
System memory in use before: 237.8 MB.
System memory in use after: 238.0 MB.

Unloading 18 unused Assets to reduce memory usage. Loaded Objects now: 4035.
Total: 3.522400 ms (FindLiveObjects: 0.541200 ms CreateObjectMapping: 0.185200 ms MarkObjects: 2.764400 ms  DeleteObjects: 0.029500 ms)

========================================================================
Received Import Request.
  Time since last request: 820.781246 seconds.
  path: Assets/_Project/Prefabs/Rooms/Stage1.prefab
  artifactKey: Guid(bc28398962ae7a0468382fde76bf0f67) Importer(815301076,1909f56bfc062723c751e8b465ee728b)
Start importing Assets/_Project/Prefabs/Rooms/Stage1.prefab using Guid(bc28398962ae7a0468382fde76bf0f67) Importer(815301076,1909f56bfc062723c751e8b465ee728b)  -> (artifact id: 'fbfeb02013b8bf1c4629f50d5a3dff9c') in 0.354278 seconds
  Import took 0.363534 seconds .

========================================================================
Received Prepare
Registering precompiled user dll's ...
Registered in 0.005764 seconds.
Begin MonoManager ReloadAssembly
Native extension for WindowsStandalone target not found
Refreshing native plugins compatible for Editor in 0.99 ms, found 5 plugins.
Preloading 1 native plugins for Editor in 0.16 ms.
NullReferenceException: Object reference not set to an instance of an object
  at Unity.XR.Oculus.OculusLoader.AssetPathToAbsolutePath (System.String assetPath) [0x00048] in C:\Users\adria\Documents\Projects\MasterUtad\SolucionesVR_projects\scientificExperiment\Library\PackageCache\com.unity.xr.oculus@1.9.1\Runtime\OculusLoader.cs:249 
  at Unity.XR.Oculus.OculusLoader.EditorLoadOVRPlugin () [0x0007b] in C:\Users\adria\Documents\Projects\MasterUtad\SolucionesVR_projects\scientificExperiment\Library\PackageCache\com.unity.xr.oculus@1.9.1\Runtime\OculusLoader.cs:234 

(Filename: Library/PackageCache/com.unity.xr.oculus@1.9.1/Runtime/OculusLoader.cs Line: 249)

Mono: successfully reloaded assembly
- Completed reload, in  1.165 seconds
Platform modules already initialized, skipping
Shader 'Universal Render Pipeline/Particles/Lit': fallback shader 'Universal Render Pipeline/Particles/SimpleLit' not found
Refreshing native plugins compatible for Editor in 0.99 ms, found 5 plugins.
Preloading 1 native plugins for Editor in 0.11 ms.
Unloading 3380 Unused Serialized files (Serialized files now loaded: 0)
System memory in use before: 237.9 MB.
System memory in use after: 238.2 MB.

Unloading 18 unused Assets to reduce memory usage. Loaded Objects now: 4075.
Total: 3.987400 ms (FindLiveObjects: 0.438600 ms CreateObjectMapping: 0.186000 ms MarkObjects: 3.334800 ms  DeleteObjects: 0.025900 ms)

========================================================================
Received Import Request.
  Time since last request: 5.540359 seconds.
  path: Assets/_Project/Prefabs/Rooms/Stage2.prefab
  artifactKey: Guid(3508d57d19f849e48944107d8774ddf0) Importer(815301076,1909f56bfc062723c751e8b465ee728b)
Start importing Assets/_Project/Prefabs/Rooms/Stage2.prefab using Guid(3508d57d19f849e48944107d8774ddf0) Importer(815301076,1909f56bfc062723c751e8b465ee728b)  -> (artifact id: '5634cb58d6e0bf590d839aefc95e7b55') in 0.188560 seconds
  Import took 0.196468 seconds .

========================================================================
Received Import Request.
  Time since last request: 12.781227 seconds.
  path: Assets/_Project/Prefabs/Rooms/Stage2.prefab
  artifactKey: Guid(3508d57d19f849e48944107d8774ddf0) Importer(815301076,1909f56bfc062723c751e8b465ee728b)
Start importing Assets/_Project/Prefabs/Rooms/Stage2.prefab using Guid(3508d57d19f849e48944107d8774ddf0) Importer(815301076,1909f56bfc062723c751e8b465ee728b)  -> (artifact id: '573cb5dbe03ff19309c23c11f1f5b26e') in 0.028397 seconds
  Import took 0.035937 seconds .

========================================================================
Received Import Request.
  Time since last request: 61.974672 seconds.
  path: Assets/_Project/Prefabs/Rooms/Stage2.prefab
  artifactKey: Guid(3508d57d19f849e48944107d8774ddf0) Importer(815301076,1909f56bfc062723c751e8b465ee728b)
Start importing Assets/_Project/Prefabs/Rooms/Stage2.prefab using Guid(3508d57d19f849e48944107d8774ddf0) Importer(815301076,1909f56bfc062723c751e8b465ee728b)  -> (artifact id: 'ec58de465d0749d707a34880ccd50b05') in 0.025154 seconds
  Import took 0.033530 seconds .

========================================================================
Received Import Request.
  Time since last request: 76.627049 seconds.
  path: Assets/_Project/Prefabs/Rooms/Stage2.prefab
  artifactKey: Guid(3508d57d19f849e48944107d8774ddf0) Importer(815301076,1909f56bfc062723c751e8b465ee728b)
Start importing Assets/_Project/Prefabs/Rooms/Stage2.prefab using Guid(3508d57d19f849e48944107d8774ddf0) Importer(815301076,1909f56bfc062723c751e8b465ee728b)  -> (artifact id: '85b6be2fd4cdb38dbadf07c1866e7cf8') in 0.034169 seconds
  Import took 0.042489 seconds .

========================================================================
Received Import Request.
  Time since last request: 13.095923 seconds.
  path: Assets/_Project/Prefabs/Rooms/Stage2.prefab
  artifactKey: Guid(3508d57d19f849e48944107d8774ddf0) Importer(815301076,1909f56bfc062723c751e8b465ee728b)
Start importing Assets/_Project/Prefabs/Rooms/Stage2.prefab using Guid(3508d57d19f849e48944107d8774ddf0) Importer(815301076,1909f56bfc062723c751e8b465ee728b)  -> (artifact id: '5276375e3a7fa559d40c47eea94c1559') in 0.024798 seconds
  Import took 0.031932 seconds .

========================================================================
Received Import Request.
  Time since last request: 31.120069 seconds.
  path: Assets/_Project/Prefabs/Rooms/Stage2.prefab
  artifactKey: Guid(3508d57d19f849e48944107d8774ddf0) Importer(815301076,1909f56bfc062723c751e8b465ee728b)
Start importing Assets/_Project/Prefabs/Rooms/Stage2.prefab using Guid(3508d57d19f849e48944107d8774ddf0) Importer(815301076,1909f56bfc062723c751e8b465ee728b)  -> (artifact id: 'e10271e2bccabbb33565ebc46e3c2755') in 0.023594 seconds
  Import took 0.031718 seconds .

========================================================================
Received Import Request.
  Time since last request: 19.519542 seconds.
  path: Assets/_Project/Prefabs/Rooms/Stage2.prefab
  artifactKey: Guid(3508d57d19f849e48944107d8774ddf0) Importer(815301076,1909f56bfc062723c751e8b465ee728b)
Start importing Assets/_Project/Prefabs/Rooms/Stage2.prefab using Guid(3508d57d19f849e48944107d8774ddf0) Importer(815301076,1909f56bfc062723c751e8b465ee728b)  -> (artifact id: 'ad5124afd3b63df43f939d7b4f7acf7b') in 0.024836 seconds
  Import took 0.031982 seconds .

========================================================================
Received Import Request.
  Time since last request: 15.720340 seconds.
  path: Assets/_Project/Prefabs/Rooms/Stage2.prefab
  artifactKey: Guid(3508d57d19f849e48944107d8774ddf0) Importer(815301076,1909f56bfc062723c751e8b465ee728b)
Start importing Assets/_Project/Prefabs/Rooms/Stage2.prefab using Guid(3508d57d19f849e48944107d8774ddf0) Importer(815301076,1909f56bfc062723c751e8b465ee728b)  -> (artifact id: 'e06eb33ac20edc721fa67a789443a445') in 0.022870 seconds
  Import took 0.030123 seconds .

========================================================================
Received Import Request.
  Time since last request: 7.831803 seconds.
  path: Assets/_Project/Prefabs/Rooms/Stage2.prefab
  artifactKey: Guid(3508d57d19f849e48944107d8774ddf0) Importer(815301076,1909f56bfc062723c751e8b465ee728b)
Start importing Assets/_Project/Prefabs/Rooms/Stage2.prefab using Guid(3508d57d19f849e48944107d8774ddf0) Importer(815301076,1909f56bfc062723c751e8b465ee728b)  -> (artifact id: '340bfb11d12bd64329361fbd474bf169') in 0.024286 seconds
  Import took 0.031474 seconds .

========================================================================
Received Import Request.
  Time since last request: 3.199147 seconds.
  path: Assets/_Project/Prefabs/Rooms/Stage2.prefab
  artifactKey: Guid(3508d57d19f849e48944107d8774ddf0) Importer(815301076,1909f56bfc062723c751e8b465ee728b)
Start importing Assets/_Project/Prefabs/Rooms/Stage2.prefab using Guid(3508d57d19f849e48944107d8774ddf0) Importer(815301076,1909f56bfc062723c751e8b465ee728b)  -> (artifact id: 'ea82cba16003f58dbfea1c595f45281c') in 0.023592 seconds
  Import took 0.032522 seconds .

========================================================================
Received Import Request.
  Time since last request: 13.287164 seconds.
  path: Assets/_Project/Prefabs/Rooms/Stage2.prefab
  artifactKey: Guid(3508d57d19f849e48944107d8774ddf0) Importer(815301076,1909f56bfc062723c751e8b465ee728b)
Start importing Assets/_Project/Prefabs/Rooms/Stage2.prefab using Guid(3508d57d19f849e48944107d8774ddf0) Importer(815301076,1909f56bfc062723c751e8b465ee728b)  -> (artifact id: '9481f8eae3763bc972fa582f756a9901') in 0.023121 seconds
  Import took 0.031374 seconds .

========================================================================
Received Import Request.
  Time since last request: 14.723671 seconds.
  path: Assets/_Project/Prefabs/Rooms/Stage2.prefab
  artifactKey: Guid(3508d57d19f849e48944107d8774ddf0) Importer(815301076,1909f56bfc062723c751e8b465ee728b)
Start importing Assets/_Project/Prefabs/Rooms/Stage2.prefab using Guid(3508d57d19f849e48944107d8774ddf0) Importer(815301076,1909f56bfc062723c751e8b465ee728b)  -> (artifact id: '1e0ac4f89f0cb9f3c387393f18e9ccaa') in 0.026617 seconds
  Import took 0.035009 seconds .

========================================================================
Received Import Request.
  Time since last request: 82.765467 seconds.
  path: Assets/_Project/Prefabs/Rooms/Stage2.prefab
  artifactKey: Guid(3508d57d19f849e48944107d8774ddf0) Importer(815301076,1909f56bfc062723c751e8b465ee728b)
Start importing Assets/_Project/Prefabs/Rooms/Stage2.prefab using Guid(3508d57d19f849e48944107d8774ddf0) Importer(815301076,1909f56bfc062723c751e8b465ee728b)  -> (artifact id: '9e233b4c77f27629201bde16bf50139b') in 0.024192 seconds
  Import took 0.033082 seconds .

========================================================================
Received Import Request.
  Time since last request: 29.720155 seconds.
  path: Assets/_Project/Prefabs/Rooms/Stage2.prefab
  artifactKey: Guid(3508d57d19f849e48944107d8774ddf0) Importer(815301076,1909f56bfc062723c751e8b465ee728b)
Start importing Assets/_Project/Prefabs/Rooms/Stage2.prefab using Guid(3508d57d19f849e48944107d8774ddf0) Importer(815301076,1909f56bfc062723c751e8b465ee728b)  -> (artifact id: '135438403b4574f6e25401c3c42e877c') in 0.023262 seconds
  Import took 0.031020 seconds .

========================================================================
Received Import Request.
  Time since last request: 1880.571177 seconds.
  path: Assets/_Project/Prefabs/Interactables/Ladder.fbx
  artifactKey: Guid(0958712323fd828489069fbc8df61d01) Importer(815301076,1909f56bfc062723c751e8b465ee728b)
Start importing Assets/_Project/Prefabs/Interactables/Ladder.fbx using Guid(0958712323fd828489069fbc8df61d01) Importer(815301076,1909f56bfc062723c751e8b465ee728b)  -> (artifact id: '8a19085ee15a0408f6267d8e0e56f631') in 0.136264 seconds
  Import took 0.147831 seconds .

========================================================================
Received Import Request.
  Time since last request: 74.468576 seconds.
  path: Assets/_Project/Materials/Objects/orb.mat
  artifactKey: Guid(e1c87fe12321cbd41ab61951fa6c74d3) Importer(815301076,1909f56bfc062723c751e8b465ee728b)
Start importing Assets/_Project/Materials/Objects/orb.mat using Guid(e1c87fe12321cbd41ab61951fa6c74d3) Importer(815301076,1909f56bfc062723c751e8b465ee728b)  -> (artifact id: '483c8d11af65b1cecccdc854e2d14d1e') in 0.024854 seconds
  Import took 0.032773 seconds .

========================================================================
Received Import Request.
  Time since last request: 0.000608 seconds.
  path: Assets/_Project/Materials/Objects/socketKey.mat
  artifactKey: Guid(4c7642f340421f546acc52c9a29b5a7b) Importer(815301076,1909f56bfc062723c751e8b465ee728b)
Start importing Assets/_Project/Materials/Objects/socketKey.mat using Guid(4c7642f340421f546acc52c9a29b5a7b) Importer(815301076,1909f56bfc062723c751e8b465ee728b)  -> (artifact id: 'be1f2b977a87ba743c6741cc0f659aab') in 0.019712 seconds
  Import took 0.028535 seconds .

========================================================================
Received Import Request.
  Time since last request: 23.491060 seconds.
  path: Assets/_Project/Materials/Objects/ladder.mat
  artifactKey: Guid(c1a90f0a46f1b1e4f88e6547f60ac27e) Importer(815301076,1909f56bfc062723c751e8b465ee728b)
Start importing Assets/_Project/Materials/Objects/ladder.mat using Guid(c1a90f0a46f1b1e4f88e6547f60ac27e) Importer(815301076,1909f56bfc062723c751e8b465ee728b)  -> (artifact id: '90b383627cb2f4c58a675a2eee73540b') in 0.028538 seconds
  Import took 0.039059 seconds .

========================================================================
Received Import Request.
  Time since last request: 6.607121 seconds.
  path: Assets/_Project/Materials/Objects/AO.png
  artifactKey: Guid(4890e41e96c5c0047ba3fa200b2bab89) Importer(815301076,1909f56bfc062723c751e8b465ee728b)
Start importing Assets/_Project/Materials/Objects/AO.png using Guid(4890e41e96c5c0047ba3fa200b2bab89) Importer(815301076,1909f56bfc062723c751e8b465ee728b)  -> (artifact id: 'fa1a0accc7d7c06e7208ed4501e10533') in 0.036534 seconds
  Import took 0.046255 seconds .

========================================================================
Received Import Request.
  Time since last request: 0.000594 seconds.
  path: Assets/_Project/Materials/Objects/hEIGHTmAP.png
  artifactKey: Guid(00fb6eb79460a3b479ddedf834cb7fb1) Importer(815301076,1909f56bfc062723c751e8b465ee728b)
Start importing Assets/_Project/Materials/Objects/hEIGHTmAP.png using Guid(00fb6eb79460a3b479ddedf834cb7fb1) Importer(815301076,1909f56bfc062723c751e8b465ee728b)  -> (artifact id: '0179d6a0e6ffa8d7cf751e070d025b35') in 0.014887 seconds
  Import took 0.025584 seconds .

========================================================================
Received Import Request.
  Time since last request: 0.000478 seconds.
  path: Assets/_Project/Materials/Objects/AO.png
  artifactKey: Guid(4890e41e96c5c0047ba3fa200b2bab89) Importer(815301076,1909f56bfc062723c751e8b465ee728b)
Start importing Assets/_Project/Materials/Objects/AO.png using Guid(4890e41e96c5c0047ba3fa200b2bab89) Importer(815301076,1909f56bfc062723c751e8b465ee728b)  -> (artifact id: 'fa1a0accc7d7c06e7208ed4501e10533') in 0.013518 seconds
  Import took 0.023746 seconds .

========================================================================
Received Import Request.
  Time since last request: 0.000213 seconds.
  path: Assets/_Project/Materials/Objects/NormalMap.png
  artifactKey: Guid(b20edf3e834252041a13cb28f582072b) Importer(815301076,1909f56bfc062723c751e8b465ee728b)
Start importing Assets/_Project/Materials/Objects/NormalMap.png using Guid(b20edf3e834252041a13cb28f582072b) Importer(815301076,1909f56bfc062723c751e8b465ee728b)  -> (artifact id: '6ac9b357ca8353ae8a94a162aaeae236') in 0.020218 seconds
  Import took 0.029905 seconds .

========================================================================
Received Import Request.
  Time since last request: 600.752191 seconds.
  path: Assets/_Project/Prefabs/Interactables/Ladder.prefab
  artifactKey: Guid(955f3d930c9c6d64b939ef60c48c023a) Importer(815301076,1909f56bfc062723c751e8b465ee728b)
Start importing Assets/_Project/Prefabs/Interactables/Ladder.prefab using Guid(955f3d930c9c6d64b939ef60c48c023a) Importer(815301076,1909f56bfc062723c751e8b465ee728b)  -> (artifact id: 'ef71d054b90e0ebd2db0e0e2e21e0090') in 0.046883 seconds
  Import took 0.054567 seconds .

========================================================================
Received Prepare
Registering precompiled user dll's ...
Registered in 0.005980 seconds.
Begin MonoManager ReloadAssembly
Native extension for WindowsStandalone target not found
Refreshing native plugins compatible for Editor in 0.96 ms, found 5 plugins.
Preloading 1 native plugins for Editor in 0.15 ms.
NullReferenceException: Object reference not set to an instance of an object
  at Unity.XR.Oculus.OculusLoader.AssetPathToAbsolutePath (System.String assetPath) [0x00048] in C:\Users\adria\Documents\Projects\MasterUtad\SolucionesVR_projects\scientificExperiment\Library\PackageCache\com.unity.xr.oculus@1.9.1\Runtime\OculusLoader.cs:249 
  at Unity.XR.Oculus.OculusLoader.EditorLoadOVRPlugin () [0x0007b] in C:\Users\adria\Documents\Projects\MasterUtad\SolucionesVR_projects\scientificExperiment\Library\PackageCache\com.unity.xr.oculus@1.9.1\Runtime\OculusLoader.cs:234 

(Filename: Library/PackageCache/com.unity.xr.oculus@1.9.1/Runtime/OculusLoader.cs Line: 249)

Mono: successfully reloaded assembly
- Completed reload, in  1.331 seconds
Platform modules already initialized, skipping
Shader 'Universal Render Pipeline/Particles/Lit': fallback shader 'Universal Render Pipeline/Particles/SimpleLit' not found
Refreshing native plugins compatible for Editor in 0.86 ms, found 5 plugins.
Preloading 1 native plugins for Editor in 0.15 ms.
Unloading 3380 Unused Serialized files (Serialized files now loaded: 0)
System memory in use before: 238.5 MB.
System memory in use after: 238.8 MB.

Unloading 18 unused Assets to reduce memory usage. Loaded Objects now: 4152.
Total: 4.184500 ms (FindLiveObjects: 0.480200 ms CreateObjectMapping: 0.094400 ms MarkObjects: 3.582700 ms  DeleteObjects: 0.025500 ms)

========================================================================
Received Import Request.
  Time since last request: 468.791187 seconds.
  path: Assets/_Project/Prefabs/Interactables/Ladder.prefab
  artifactKey: Guid(955f3d930c9c6d64b939ef60c48c023a) Importer(815301076,1909f56bfc062723c751e8b465ee728b)
Start importing Assets/_Project/Prefabs/Interactables/Ladder.prefab using Guid(955f3d930c9c6d64b939ef60c48c023a) Importer(815301076,1909f56bfc062723c751e8b465ee728b)  -> (artifact id: '7c764f1b81370b2a70bd541a22607004') in 0.223668 seconds
  Import took 0.232343 seconds .

========================================================================
Received Import Request.
  Time since last request: 10.945188 seconds.
  path: Assets/_Project/Prefabs/Interactables/Ladder.prefab
  artifactKey: Guid(955f3d930c9c6d64b939ef60c48c023a) Importer(815301076,1909f56bfc062723c751e8b465ee728b)
Start importing Assets/_Project/Prefabs/Interactables/Ladder.prefab using Guid(955f3d930c9c6d64b939ef60c48c023a) Importer(815301076,1909f56bfc062723c751e8b465ee728b)  -> (artifact id: '0100fd48f0937aa79ea8d0c81f21ce98') in 0.038847 seconds
  Import took 0.046273 seconds .

========================================================================
Received Import Request.
  Time since last request: 3.827116 seconds.
  path: Assets/_Project/Prefabs/Interactables/Ladder.prefab
  artifactKey: Guid(955f3d930c9c6d64b939ef60c48c023a) Importer(815301076,1909f56bfc062723c751e8b465ee728b)
Start importing Assets/_Project/Prefabs/Interactables/Ladder.prefab using Guid(955f3d930c9c6d64b939ef60c48c023a) Importer(815301076,1909f56bfc062723c751e8b465ee728b)  -> (artifact id: '5813f2698b021c8f402d3848e8119675') in 0.012103 seconds
  Import took 0.018502 seconds .

========================================================================
Received Import Request.
  Time since last request: 2.909018 seconds.
  path: Assets/_Project/Prefabs/Interactables/Ladder.prefab
  artifactKey: Guid(955f3d930c9c6d64b939ef60c48c023a) Importer(815301076,1909f56bfc062723c751e8b465ee728b)
Start importing Assets/_Project/Prefabs/Interactables/Ladder.prefab using Guid(955f3d930c9c6d64b939ef60c48c023a) Importer(815301076,1909f56bfc062723c751e8b465ee728b)  -> (artifact id: '5e4e19c156800a7e7ffca3d16f2bef52') in 0.013647 seconds
  Import took 0.020048 seconds .

========================================================================
Received Import Request.
  Time since last request: 2.687798 seconds.
  path: Assets/_Project/Prefabs/Interactables/Ladder.prefab
  artifactKey: Guid(955f3d930c9c6d64b939ef60c48c023a) Importer(815301076,1909f56bfc062723c751e8b465ee728b)
Start importing Assets/_Project/Prefabs/Interactables/Ladder.prefab using Guid(955f3d930c9c6d64b939ef60c48c023a) Importer(815301076,1909f56bfc062723c751e8b465ee728b)  -> (artifact id: '7e94e4fc638da54e22da4c0f1a4b19dd') in 0.013978 seconds
  Import took 0.022168 seconds .

========================================================================
Received Import Request.
  Time since last request: 2.720287 seconds.
  path: Assets/_Project/Prefabs/Interactables/Ladder.prefab
  artifactKey: Guid(955f3d930c9c6d64b939ef60c48c023a) Importer(815301076,1909f56bfc062723c751e8b465ee728b)
Start importing Assets/_Project/Prefabs/Interactables/Ladder.prefab using Guid(955f3d930c9c6d64b939ef60c48c023a) Importer(815301076,1909f56bfc062723c751e8b465ee728b)  -> (artifact id: '410cd3859664a88c105dafd309283b52') in 0.013493 seconds
  Import took 0.020156 seconds .

========================================================================
Received Import Request.
  Time since last request: 2.778636 seconds.
  path: Assets/_Project/Prefabs/Interactables/Ladder.prefab
  artifactKey: Guid(955f3d930c9c6d64b939ef60c48c023a) Importer(815301076,1909f56bfc062723c751e8b465ee728b)
Start importing Assets/_Project/Prefabs/Interactables/Ladder.prefab using Guid(955f3d930c9c6d64b939ef60c48c023a) Importer(815301076,1909f56bfc062723c751e8b465ee728b)  -> (artifact id: '59b7f1322d719f281108f985925c277b') in 0.012565 seconds
  Import took 0.019897 seconds .

========================================================================
Received Import Request.
  Time since last request: 2.541980 seconds.
  path: Assets/_Project/Prefabs/Interactables/Ladder.prefab
  artifactKey: Guid(955f3d930c9c6d64b939ef60c48c023a) Importer(815301076,1909f56bfc062723c751e8b465ee728b)
Start importing Assets/_Project/Prefabs/Interactables/Ladder.prefab using Guid(955f3d930c9c6d64b939ef60c48c023a) Importer(815301076,1909f56bfc062723c751e8b465ee728b)  -> (artifact id: '459f7bcc5bef8059b5739d3691f4acbe') in 0.012270 seconds
  Import took 0.019735 seconds .

========================================================================
Received Import Request.
  Time since last request: 2.304368 seconds.
  path: Assets/_Project/Prefabs/Interactables/Ladder.prefab
  artifactKey: Guid(955f3d930c9c6d64b939ef60c48c023a) Importer(815301076,1909f56bfc062723c751e8b465ee728b)
Start importing Assets/_Project/Prefabs/Interactables/Ladder.prefab using Guid(955f3d930c9c6d64b939ef60c48c023a) Importer(815301076,1909f56bfc062723c751e8b465ee728b)  -> (artifact id: '37ff6c34a679f7eec3c61b891800f793') in 0.012394 seconds
  Import took 0.019066 seconds .

========================================================================
Received Prepare
Registering precompiled user dll's ...
Registered in 0.005784 seconds.
Begin MonoManager ReloadAssembly
Native extension for WindowsStandalone target not found
Refreshing native plugins compatible for Editor in 0.88 ms, found 5 plugins.
Preloading 1 native plugins for Editor in 0.15 ms.
NullReferenceException: Object reference not set to an instance of an object
  at Unity.XR.Oculus.OculusLoader.AssetPathToAbsolutePath (System.String assetPath) [0x00048] in C:\Users\adria\Documents\Projects\MasterUtad\SolucionesVR_projects\scientificExperiment\Library\PackageCache\com.unity.xr.oculus@1.9.1\Runtime\OculusLoader.cs:249 
  at Unity.XR.Oculus.OculusLoader.EditorLoadOVRPlugin () [0x0007b] in C:\Users\adria\Documents\Projects\MasterUtad\SolucionesVR_projects\scientificExperiment\Library\PackageCache\com.unity.xr.oculus@1.9.1\Runtime\OculusLoader.cs:234 

(Filename: Library/PackageCache/com.unity.xr.oculus@1.9.1/Runtime/OculusLoader.cs Line: 249)

Mono: successfully reloaded assembly
- Completed reload, in  1.164 seconds
Platform modules already initialized, skipping
Shader 'Universal Render Pipeline/Particles/Lit': fallback shader 'Universal Render Pipeline/Particles/SimpleLit' not found
Refreshing native plugins compatible for Editor in 0.95 ms, found 5 plugins.
Preloading 1 native plugins for Editor in 0.13 ms.
Unloading 3380 Unused Serialized files (Serialized files now loaded: 0)
System memory in use before: 238.6 MB.
System memory in use after: 238.9 MB.

Unloading 18 unused Assets to reduce memory usage. Loaded Objects now: 4192.
Total: 4.070600 ms (FindLiveObjects: 0.517200 ms CreateObjectMapping: 0.105600 ms MarkObjects: 3.419300 ms  DeleteObjects: 0.026600 ms)

========================================================================
Received Import Request.
  Time since last request: 40.470819 seconds.
  path: Assets/_Project/Prefabs/Interactables/Ladder.prefab
  artifactKey: Guid(955f3d930c9c6d64b939ef60c48c023a) Importer(815301076,1909f56bfc062723c751e8b465ee728b)
Start importing Assets/_Project/Prefabs/Interactables/Ladder.prefab using Guid(955f3d930c9c6d64b939ef60c48c023a) Importer(815301076,1909f56bfc062723c751e8b465ee728b)  -> (artifact id: '63242f7fa24e9e56db2ee788c530ffe7') in 0.195203 seconds
  Import took 0.203823 seconds .

========================================================================
Received Prepare
Registering precompiled user dll's ...
Registered in 0.006752 seconds.
Begin MonoManager ReloadAssembly
Native extension for WindowsStandalone target not found
Refreshing native plugins compatible for Editor in 0.90 ms, found 5 plugins.
Preloading 1 native plugins for Editor in 0.15 ms.
NullReferenceException: Object reference not set to an instance of an object
  at Unity.XR.Oculus.OculusLoader.AssetPathToAbsolutePath (System.String assetPath) [0x00048] in C:\Users\adria\Documents\Projects\MasterUtad\SolucionesVR_projects\scientificExperiment\Library\PackageCache\com.unity.xr.oculus@1.9.1\Runtime\OculusLoader.cs:249 
  at Unity.XR.Oculus.OculusLoader.EditorLoadOVRPlugin () [0x0007b] in C:\Users\adria\Documents\Projects\MasterUtad\SolucionesVR_projects\scientificExperiment\Library\PackageCache\com.unity.xr.oculus@1.9.1\Runtime\OculusLoader.cs:234 

(Filename: Library/PackageCache/com.unity.xr.oculus@1.9.1/Runtime/OculusLoader.cs Line: 249)

Mono: successfully reloaded assembly
- Completed reload, in  1.163 seconds
Platform modules already initialized, skipping
Shader 'Universal Render Pipeline/Particles/Lit': fallback shader 'Universal Render Pipeline/Particles/SimpleLit' not found
Refreshing native plugins compatible for Editor in 0.87 ms, found 5 plugins.
Preloading 1 native plugins for Editor in 0.13 ms.
Unloading 3380 Unused Serialized files (Serialized files now loaded: 0)
System memory in use before: 238.8 MB.
System memory in use after: 239.0 MB.

Unloading 18 unused Assets to reduce memory usage. Loaded Objects now: 4232.
Total: 4.246700 ms (FindLiveObjects: 0.495600 ms CreateObjectMapping: 0.158800 ms MarkObjects: 3.564100 ms  DeleteObjects: 0.026700 ms)

========================================================================
Received Prepare
Registering precompiled user dll's ...
Registered in 0.006288 seconds.
Begin MonoManager ReloadAssembly
Native extension for WindowsStandalone target not found
Refreshing native plugins compatible for Editor in 0.84 ms, found 5 plugins.
Preloading 1 native plugins for Editor in 0.16 ms.
NullReferenceException: Object reference not set to an instance of an object
  at Unity.XR.Oculus.OculusLoader.AssetPathToAbsolutePath (System.String assetPath) [0x00048] in C:\Users\adria\Documents\Projects\MasterUtad\SolucionesVR_projects\scientificExperiment\Library\PackageCache\com.unity.xr.oculus@1.9.1\Runtime\OculusLoader.cs:249 
  at Unity.XR.Oculus.OculusLoader.EditorLoadOVRPlugin () [0x0007b] in C:\Users\adria\Documents\Projects\MasterUtad\SolucionesVR_projects\scientificExperiment\Library\PackageCache\com.unity.xr.oculus@1.9.1\Runtime\OculusLoader.cs:234 

(Filename: Library/PackageCache/com.unity.xr.oculus@1.9.1/Runtime/OculusLoader.cs Line: 249)

Mono: successfully reloaded assembly
- Completed reload, in  1.180 seconds
Platform modules already initialized, skipping
Shader 'Universal Render Pipeline/Particles/Lit': fallback shader 'Universal Render Pipeline/Particles/SimpleLit' not found
Refreshing native plugins compatible for Editor in 0.86 ms, found 5 plugins.
Preloading 1 native plugins for Editor in 0.11 ms.
Unloading 3381 Unused Serialized files (Serialized files now loaded: 0)
System memory in use before: 238.8 MB.
System memory in use after: 239.0 MB.

Unloading 18 unused Assets to reduce memory usage. Loaded Objects now: 4237.
Total: 4.059900 ms (FindLiveObjects: 0.703000 ms CreateObjectMapping: 0.259100 ms MarkObjects: 3.069700 ms  DeleteObjects: 0.025600 ms)

========================================================================
Received Prepare
Registering precompiled user dll's ...
Registered in 0.006001 seconds.
Begin MonoManager ReloadAssembly
Native extension for WindowsStandalone target not found
Refreshing native plugins compatible for Editor in 0.85 ms, found 5 plugins.
Preloading 1 native plugins for Editor in 0.13 ms.
NullReferenceException: Object reference not set to an instance of an object
  at Unity.XR.Oculus.OculusLoader.AssetPathToAbsolutePath (System.String assetPath) [0x00048] in C:\Users\adria\Documents\Projects\MasterUtad\SolucionesVR_projects\scientificExperiment\Library\PackageCache\com.unity.xr.oculus@1.9.1\Runtime\OculusLoader.cs:249 
  at Unity.XR.Oculus.OculusLoader.EditorLoadOVRPlugin () [0x0007b] in C:\Users\adria\Documents\Projects\MasterUtad\SolucionesVR_projects\scientificExperiment\Library\PackageCache\com.unity.xr.oculus@1.9.1\Runtime\OculusLoader.cs:234 

(Filename: Library/PackageCache/com.unity.xr.oculus@1.9.1/Runtime/OculusLoader.cs Line: 249)

Mono: successfully reloaded assembly
- Completed reload, in  1.122 seconds
Platform modules already initialized, skipping
Shader 'Universal Render Pipeline/Particles/Lit': fallback shader 'Universal Render Pipeline/Particles/SimpleLit' not found
Refreshing native plugins compatible for Editor in 0.95 ms, found 5 plugins.
Preloading 1 native plugins for Editor in 0.14 ms.
Unloading 3381 Unused Serialized files (Serialized files now loaded: 0)
System memory in use before: 238.8 MB.
System memory in use after: 239.1 MB.

Unloading 18 unused Assets to reduce memory usage. Loaded Objects now: 4241.
Total: 3.828700 ms (FindLiveObjects: 0.901900 ms CreateObjectMapping: 0.100600 ms MarkObjects: 2.797000 ms  DeleteObjects: 0.027400 ms)

========================================================================
Received Prepare
Registering precompiled user dll's ...
Registered in 0.008183 seconds.
Begin MonoManager ReloadAssembly
Native extension for WindowsStandalone target not found
Refreshing native plugins compatible for Editor in 2.36 ms, found 5 plugins.
Preloading 1 native plugins for Editor in 0.29 ms.
NullReferenceException: Object reference not set to an instance of an object
  at Unity.XR.Oculus.OculusLoader.AssetPathToAbsolutePath (System.String assetPath) [0x00048] in C:\Users\adria\Documents\Projects\MasterUtad\SolucionesVR_projects\scientificExperiment\Library\PackageCache\com.unity.xr.oculus@1.9.1\Runtime\OculusLoader.cs:249 
  at Unity.XR.Oculus.OculusLoader.EditorLoadOVRPlugin () [0x0007b] in C:\Users\adria\Documents\Projects\MasterUtad\SolucionesVR_projects\scientificExperiment\Library\PackageCache\com.unity.xr.oculus@1.9.1\Runtime\OculusLoader.cs:234 

(Filename: Library/PackageCache/com.unity.xr.oculus@1.9.1/Runtime/OculusLoader.cs Line: 249)

Mono: successfully reloaded assembly
- Completed reload, in  1.760 seconds
Platform modules already initialized, skipping
Shader 'Universal Render Pipeline/Particles/Lit': fallback shader 'Universal Render Pipeline/Particles/SimpleLit' not found
Refreshing native plugins compatible for Editor in 1.23 ms, found 5 plugins.
Preloading 1 native plugins for Editor in 0.17 ms.
Unloading 3381 Unused Serialized files (Serialized files now loaded: 0)
System memory in use before: 238.8 MB.
System memory in use after: 239.1 MB.

Unloading 18 unused Assets to reduce memory usage. Loaded Objects now: 4245.
Total: 6.199300 ms (FindLiveObjects: 0.816900 ms CreateObjectMapping: 0.346100 ms MarkObjects: 5.006300 ms  DeleteObjects: 0.027400 ms)

========================================================================
Received Import Request.
  Time since last request: 1834.032442 seconds.
  path: Assets/_Project/Scripts/XR/ClimberLocomotion.cs
  artifactKey: Guid(fe340153ebf0597469f4083d68094ff4) Importer(815301076,1909f56bfc062723c751e8b465ee728b)
Start importing Assets/_Project/Scripts/XR/ClimberLocomotion.cs using Guid(fe340153ebf0597469f4083d68094ff4) Importer(815301076,1909f56bfc062723c751e8b465ee728b)  -> (artifact id: '99e545aa16317e5852758147deb65e54') in 0.010319 seconds
  Import took 0.017490 seconds .

========================================================================
Received Import Request.
  Time since last request: 0.022106 seconds.
  path: Assets/_Project/Scripts/XR/ClimberLocomotion.cs
  artifactKey: Guid(fe340153ebf0597469f4083d68094ff4) Importer(815301076,1909f56bfc062723c751e8b465ee728b)
Start importing Assets/_Project/Scripts/XR/ClimberLocomotion.cs using Guid(fe340153ebf0597469f4083d68094ff4) Importer(815301076,1909f56bfc062723c751e8b465ee728b)  -> (artifact id: '99e545aa16317e5852758147deb65e54') in 0.003626 seconds
  Import took 0.010705 seconds .

========================================================================
Received Import Request.
  Time since last request: 29.168645 seconds.
  path: ProjectSettings/TagManager.asset
  artifactKey: Guid(00000000000000003000000000000000) Importer(815301076,1909f56bfc062723c751e8b465ee728b)
Start importing ProjectSettings/TagManager.asset using Guid(00000000000000003000000000000000) Importer(815301076,1909f56bfc062723c751e8b465ee728b)  -> (artifact id: '05305c0b0d1ca09dac7bfee9e52d8048') in 0.093989 seconds
  Import took 0.099987 seconds .

========================================================================
Received Prepare
Registering precompiled user dll's ...
Registered in 0.005859 seconds.
Begin MonoManager ReloadAssembly
Native extension for WindowsStandalone target not found
Refreshing native plugins compatible for Editor in 0.85 ms, found 5 plugins.
Preloading 1 native plugins for Editor in 0.14 ms.
NullReferenceException: Object reference not set to an instance of an object
  at Unity.XR.Oculus.OculusLoader.AssetPathToAbsolutePath (System.String assetPath) [0x00048] in C:\Users\adria\Documents\Projects\MasterUtad\SolucionesVR_projects\scientificExperiment\Library\PackageCache\com.unity.xr.oculus@1.9.1\Runtime\OculusLoader.cs:249 
  at Unity.XR.Oculus.OculusLoader.EditorLoadOVRPlugin () [0x0007b] in C:\Users\adria\Documents\Projects\MasterUtad\SolucionesVR_projects\scientificExperiment\Library\PackageCache\com.unity.xr.oculus@1.9.1\Runtime\OculusLoader.cs:234 

(Filename: Library/PackageCache/com.unity.xr.oculus@1.9.1/Runtime/OculusLoader.cs Line: 249)

Mono: successfully reloaded assembly
- Completed reload, in  1.192 seconds
Platform modules already initialized, skipping
Shader 'Universal Render Pipeline/Particles/Lit': fallback shader 'Universal Render Pipeline/Particles/SimpleLit' not found
Refreshing native plugins compatible for Editor in 0.84 ms, found 5 plugins.
Preloading 1 native plugins for Editor in 0.14 ms.
Unloading 3381 Unused Serialized files (Serialized files now loaded: 0)
System memory in use before: 238.8 MB.
System memory in use after: 239.1 MB.

Unloading 19 unused Assets to reduce memory usage. Loaded Objects now: 4249.
Total: 4.622500 ms (FindLiveObjects: 0.595800 ms CreateObjectMapping: 0.142300 ms MarkObjects: 3.854300 ms  DeleteObjects: 0.028400 ms)

========================================================================
Received Prepare
Registering precompiled user dll's ...
Registered in 0.006015 seconds.
Begin MonoManager ReloadAssembly
Native extension for WindowsStandalone target not found
Refreshing native plugins compatible for Editor in 0.86 ms, found 5 plugins.
Preloading 1 native plugins for Editor in 0.14 ms.
NullReferenceException: Object reference not set to an instance of an object
  at Unity.XR.Oculus.OculusLoader.AssetPathToAbsolutePath (System.String assetPath) [0x00048] in C:\Users\adria\Documents\Projects\MasterUtad\SolucionesVR_projects\scientificExperiment\Library\PackageCache\com.unity.xr.oculus@1.9.1\Runtime\OculusLoader.cs:249 
  at Unity.XR.Oculus.OculusLoader.EditorLoadOVRPlugin () [0x0007b] in C:\Users\adria\Documents\Projects\MasterUtad\SolucionesVR_projects\scientificExperiment\Library\PackageCache\com.unity.xr.oculus@1.9.1\Runtime\OculusLoader.cs:234 

(Filename: Library/PackageCache/com.unity.xr.oculus@1.9.1/Runtime/OculusLoader.cs Line: 249)

Mono: successfully reloaded assembly
- Completed reload, in  1.189 seconds
Platform modules already initialized, skipping
Shader 'Universal Render Pipeline/Particles/Lit': fallback shader 'Universal Render Pipeline/Particles/SimpleLit' not found
Refreshing native plugins compatible for Editor in 1.06 ms, found 5 plugins.
Preloading 1 native plugins for Editor in 0.12 ms.
Unloading 3381 Unused Serialized files (Serialized files now loaded: 0)
System memory in use before: 238.8 MB.
System memory in use after: 239.1 MB.

Unloading 18 unused Assets to reduce memory usage. Loaded Objects now: 4253.
Total: 5.014700 ms (FindLiveObjects: 0.551000 ms CreateObjectMapping: 0.122200 ms MarkObjects: 4.292100 ms  DeleteObjects: 0.047500 ms)

========================================================================
Received Prepare
Registering precompiled user dll's ...
Registered in 0.006570 seconds.
Begin MonoManager ReloadAssembly
Native extension for WindowsStandalone target not found
Refreshing native plugins compatible for Editor in 0.88 ms, found 5 plugins.
Preloading 1 native plugins for Editor in 0.14 ms.
NullReferenceException: Object reference not set to an instance of an object
  at Unity.XR.Oculus.OculusLoader.AssetPathToAbsolutePath (System.String assetPath) [0x00048] in C:\Users\adria\Documents\Projects\MasterUtad\SolucionesVR_projects\scientificExperiment\Library\PackageCache\com.unity.xr.oculus@1.9.1\Runtime\OculusLoader.cs:249 
  at Unity.XR.Oculus.OculusLoader.EditorLoadOVRPlugin () [0x0007b] in C:\Users\adria\Documents\Projects\MasterUtad\SolucionesVR_projects\scientificExperiment\Library\PackageCache\com.unity.xr.oculus@1.9.1\Runtime\OculusLoader.cs:234 

(Filename: Library/PackageCache/com.unity.xr.oculus@1.9.1/Runtime/OculusLoader.cs Line: 249)

Mono: successfully reloaded assembly
- Completed reload, in  1.158 seconds
Platform modules already initialized, skipping
Shader 'Universal Render Pipeline/Particles/Lit': fallback shader 'Universal Render Pipeline/Particles/SimpleLit' not found
Refreshing native plugins compatible for Editor in 0.96 ms, found 5 plugins.
Preloading 1 native plugins for Editor in 0.12 ms.
Unloading 3381 Unused Serialized files (Serialized files now loaded: 0)
System memory in use before: 238.9 MB.
System memory in use after: 239.1 MB.

Unloading 18 unused Assets to reduce memory usage. Loaded Objects now: 4257.
Total: 3.950700 ms (FindLiveObjects: 0.547200 ms CreateObjectMapping: 0.119500 ms MarkObjects: 3.256600 ms  DeleteObjects: 0.025300 ms)

========================================================================
Received Prepare
Registering precompiled user dll's ...
Registered in 0.006306 seconds.
Begin MonoManager ReloadAssembly
Native extension for WindowsStandalone target not found
Refreshing native plugins compatible for Editor in 1.39 ms, found 5 plugins.
Preloading 1 native plugins for Editor in 0.15 ms.
NullReferenceException: Object reference not set to an instance of an object
  at Unity.XR.Oculus.OculusLoader.AssetPathToAbsolutePath (System.String assetPath) [0x00048] in C:\Users\adria\Documents\Projects\MasterUtad\SolucionesVR_projects\scientificExperiment\Library\PackageCache\com.unity.xr.oculus@1.9.1\Runtime\OculusLoader.cs:249 
  at Unity.XR.Oculus.OculusLoader.EditorLoadOVRPlugin () [0x0007b] in C:\Users\adria\Documents\Projects\MasterUtad\SolucionesVR_projects\scientificExperiment\Library\PackageCache\com.unity.xr.oculus@1.9.1\Runtime\OculusLoader.cs:234 

(Filename: Library/PackageCache/com.unity.xr.oculus@1.9.1/Runtime/OculusLoader.cs Line: 249)

Mono: successfully reloaded assembly
- Completed reload, in  1.217 seconds
Platform modules already initialized, skipping
Shader 'Universal Render Pipeline/Particles/Lit': fallback shader 'Universal Render Pipeline/Particles/SimpleLit' not found
Refreshing native plugins compatible for Editor in 0.86 ms, found 5 plugins.
Preloading 1 native plugins for Editor in 0.12 ms.
Unloading 3381 Unused Serialized files (Serialized files now loaded: 0)
System memory in use before: 249.6 MB.
System memory in use after: 249.9 MB.

Unloading 18 unused Assets to reduce memory usage. Loaded Objects now: 4261.
Total: 4.330800 ms (FindLiveObjects: 0.705900 ms CreateObjectMapping: 0.254500 ms MarkObjects: 3.341200 ms  DeleteObjects: 0.026800 ms)

========================================================================
Received Import Request.
  Time since last request: 1478.624653 seconds.
  path: Assets/_Project/Scripts/Environment/Pit.cs
  artifactKey: Guid(6a80e2d66104ac241a75683b59203564) Importer(815301076,1909f56bfc062723c751e8b465ee728b)
Start importing Assets/_Project/Scripts/Environment/Pit.cs using Guid(6a80e2d66104ac241a75683b59203564) Importer(815301076,1909f56bfc062723c751e8b465ee728b)  -> (artifact id: '8e620eb2de3ffde3563524e1d62753fc') in 0.020534 seconds
  Import took 0.030302 seconds .

========================================================================
Received Import Request.
  Time since last request: 0.002841 seconds.
  path: Assets/_Project/Scripts/Environment/Pit.cs
  artifactKey: Guid(6a80e2d66104ac241a75683b59203564) Importer(815301076,1909f56bfc062723c751e8b465ee728b)
Start importing Assets/_Project/Scripts/Environment/Pit.cs using Guid(6a80e2d66104ac241a75683b59203564) Importer(815301076,1909f56bfc062723c751e8b465ee728b)  -> (artifact id: '8e620eb2de3ffde3563524e1d62753fc') in 0.004116 seconds
  Import took 0.012313 seconds .

========================================================================
Received Prepare
Registering precompiled user dll's ...
Registered in 0.006336 seconds.
Begin MonoManager ReloadAssembly
Native extension for WindowsStandalone target not found
Refreshing native plugins compatible for Editor in 0.86 ms, found 5 plugins.
Preloading 1 native plugins for Editor in 0.15 ms.
NullReferenceException: Object reference not set to an instance of an object
  at Unity.XR.Oculus.OculusLoader.AssetPathToAbsolutePath (System.String assetPath) [0x00048] in C:\Users\adria\Documents\Projects\MasterUtad\SolucionesVR_projects\scientificExperiment\Library\PackageCache\com.unity.xr.oculus@1.9.1\Runtime\OculusLoader.cs:249 
  at Unity.XR.Oculus.OculusLoader.EditorLoadOVRPlugin () [0x0007b] in C:\Users\adria\Documents\Projects\MasterUtad\SolucionesVR_projects\scientificExperiment\Library\PackageCache\com.unity.xr.oculus@1.9.1\Runtime\OculusLoader.cs:234 

(Filename: Library/PackageCache/com.unity.xr.oculus@1.9.1/Runtime/OculusLoader.cs Line: 249)

Mono: successfully reloaded assembly
- Completed reload, in  1.307 seconds
Platform modules already initialized, skipping
Shader 'Universal Render Pipeline/Particles/Lit': fallback shader 'Universal Render Pipeline/Particles/SimpleLit' not found
Refreshing native plugins compatible for Editor in 0.92 ms, found 5 plugins.
Preloading 1 native plugins for Editor in 0.15 ms.
Unloading 3382 Unused Serialized files (Serialized files now loaded: 0)
System memory in use before: 238.9 MB.
System memory in use after: 239.1 MB.

Unloading 18 unused Assets to reduce memory usage. Loaded Objects now: 4266.
Total: 3.866800 ms (FindLiveObjects: 0.489000 ms CreateObjectMapping: 0.144400 ms MarkObjects: 3.204800 ms  DeleteObjects: 0.026800 ms)

========================================================================
Received Prepare
Registering precompiled user dll's ...
Registered in 0.006667 seconds.
Begin MonoManager ReloadAssembly
Native extension for WindowsStandalone target not found
Refreshing native plugins compatible for Editor in 1.06 ms, found 5 plugins.
Preloading 1 native plugins for Editor in 0.35 ms.
NullReferenceException: Object reference not set to an instance of an object
  at Unity.XR.Oculus.OculusLoader.AssetPathToAbsolutePath (System.String assetPath) [0x00048] in C:\Users\adria\Documents\Projects\MasterUtad\SolucionesVR_projects\scientificExperiment\Library\PackageCache\com.unity.xr.oculus@1.9.1\Runtime\OculusLoader.cs:249 
  at Unity.XR.Oculus.OculusLoader.EditorLoadOVRPlugin () [0x0007b] in C:\Users\adria\Documents\Projects\MasterUtad\SolucionesVR_projects\scientificExperiment\Library\PackageCache\com.unity.xr.oculus@1.9.1\Runtime\OculusLoader.cs:234 

(Filename: Library/PackageCache/com.unity.xr.oculus@1.9.1/Runtime/OculusLoader.cs Line: 249)

Mono: successfully reloaded assembly
- Completed reload, in  1.252 seconds
Platform modules already initialized, skipping
Shader 'Universal Render Pipeline/Particles/Lit': fallback shader 'Universal Render Pipeline/Particles/SimpleLit' not found
Refreshing native plugins compatible for Editor in 1.02 ms, found 5 plugins.
Preloading 1 native plugins for Editor in 0.16 ms.
Unloading 3382 Unused Serialized files (Serialized files now loaded: 0)
System memory in use before: 238.9 MB.
System memory in use after: 239.2 MB.

Unloading 18 unused Assets to reduce memory usage. Loaded Objects now: 4270.
Total: 4.358300 ms (FindLiveObjects: 0.485500 ms CreateObjectMapping: 0.141800 ms MarkObjects: 3.697900 ms  DeleteObjects: 0.030700 ms)

========================================================================
Received Import Request.
  Time since last request: 176.371383 seconds.
  path: Assets/_Project/Scripts/Environment/Pit.cs
  artifactKey: Guid(6a80e2d66104ac241a75683b59203564) Importer(815301076,1909f56bfc062723c751e8b465ee728b)
Start importing Assets/_Project/Scripts/Environment/Pit.cs using Guid(6a80e2d66104ac241a75683b59203564) Importer(815301076,1909f56bfc062723c751e8b465ee728b)  -> (artifact id: '1338c9f14dfc25d95cc1b3ee9b8a5585') in 0.009486 seconds
  Import took 0.017833 seconds .

========================================================================
Received Prepare
Registering precompiled user dll's ...
Registered in 0.006893 seconds.
Begin MonoManager ReloadAssembly
Native extension for WindowsStandalone target not found
Refreshing native plugins compatible for Editor in 0.90 ms, found 5 plugins.
Preloading 1 native plugins for Editor in 0.17 ms.
NullReferenceException: Object reference not set to an instance of an object
  at Unity.XR.Oculus.OculusLoader.AssetPathToAbsolutePath (System.String assetPath) [0x00048] in C:\Users\adria\Documents\Projects\MasterUtad\SolucionesVR_projects\scientificExperiment\Library\PackageCache\com.unity.xr.oculus@1.9.1\Runtime\OculusLoader.cs:249 
  at Unity.XR.Oculus.OculusLoader.EditorLoadOVRPlugin () [0x0007b] in C:\Users\adria\Documents\Projects\MasterUtad\SolucionesVR_projects\scientificExperiment\Library\PackageCache\com.unity.xr.oculus@1.9.1\Runtime\OculusLoader.cs:234 

(Filename: Library/PackageCache/com.unity.xr.oculus@1.9.1/Runtime/OculusLoader.cs Line: 249)

Mono: successfully reloaded assembly
- Completed reload, in  1.271 seconds
Platform modules already initialized, skipping
Shader 'Universal Render Pipeline/Particles/Lit': fallback shader 'Universal Render Pipeline/Particles/SimpleLit' not found
Refreshing native plugins compatible for Editor in 1.17 ms, found 5 plugins.
Preloading 1 native plugins for Editor in 0.14 ms.
Unloading 3382 Unused Serialized files (Serialized files now loaded: 0)
System memory in use before: 238.9 MB.
System memory in use after: 239.2 MB.

Unloading 18 unused Assets to reduce memory usage. Loaded Objects now: 4274.
Total: 4.037400 ms (FindLiveObjects: 0.531700 ms CreateObjectMapping: 0.125500 ms MarkObjects: 3.346100 ms  DeleteObjects: 0.032200 ms)

AssetImportWorkerClient::OnTransportError - code=2 error=End of file
